Building DAG of jobs...
Using shell: /bin/bash
Provided cores: 1 (use --cores to define parallelism)
Rules claiming more threads will be scaled down.
Job stats:
job             count    min threads    max threads
------------  -------  -------------  -------------
all                 1              1              1
scrape_03_04        1              1              1
total               2              1              1

Select jobs to execute...

[Fri Nov 18 07:57:01 2022]
rule scrape_03_04:
    output: ../data/interim/paper_df_2003_2004.csv, ../data/interim/author_df_2003_2004.csv
    jobid: 1
    resources: tmpdir=/var/folders/z2/5kr96fyn63z_tj_bwr33t5dw0000gn/T

[Fri Nov 18 08:37:04 2022]
Finished job 1.
1 of 2 steps (50%) done
Select jobs to execute...

[Fri Nov 18 08:37:04 2022]
localrule all:
    input: ../data/interim/paper_df_2003_2004.csv, ../data/interim/author_df_2003_2004.csv, ../data/interim/random_result_2014_2018.txt, ../data/interim/random_result_2014_2018_interactive.txt
    jobid: 0
    resources: tmpdir=/var/folders/z2/5kr96fyn63z_tj_bwr33t5dw0000gn/T

[Fri Nov 18 08:37:04 2022]
Finished job 0.
2 of 2 steps (100%) done
Complete log: .snakemake/log/2022-11-18T075700.602372.snakemake.log
