Building DAG of jobs...
Using shell: /bin/bash
Provided cores: 1 (use --cores to define parallelism)
Rules claiming more threads will be scaled down.
Job stats:
job                                     count    min threads    max threads
------------------------------------  -------  -------------  -------------
all                                         1              1              1
scrape_2014_onward_interactive_paper        1              1              1
total                                       2              1              1

Select jobs to execute...

[Thu Nov 17 21:36:43 2022]
rule scrape_2014_onward_interactive_paper:
    output: ../data/interim/random_result_2014_2018_interactive.txt
    jobid: 2
    resources: tmpdir=/var/folders/z2/5kr96fyn63z_tj_bwr33t5dw0000gn/T

[Thu Nov 17 22:24:43 2022]
Finished job 2.
1 of 2 steps (50%) done
Select jobs to execute...

[Thu Nov 17 22:24:43 2022]
localrule all:
    input: ../data/interim/random_result_2014_2018.txt, ../data/interim/random_result_2014_2018_interactive.txt
    jobid: 0
    resources: tmpdir=/var/folders/z2/5kr96fyn63z_tj_bwr33t5dw0000gn/T

[Thu Nov 17 22:24:43 2022]
Finished job 0.
2 of 2 steps (100%) done
Complete log: .snakemake/log/2022-11-17T213642.993424.snakemake.log
