Building DAG of jobs...
Using shell: /bin/bash
Provided cores: 1 (use --cores to define parallelism)
Rules claiming more threads will be scaled down.
Job stats:
job                 count    min threads    max threads
----------------  -------  -------------  -------------
all                     1              1              1
scrape_03_04            1              1              1
scrape_2005_2013        1              1              1
total                   3              1              1

Select jobs to execute...

[Mon Jul 18 12:50:05 2022]
rule scrape_03_04:
    output: ../data/interim/paper_df_2003_2004.csv, ../data/interim/author_df_2003_2004.csv
    jobid: 1
    resources: tmpdir=/var/folders/z2/5kr96fyn63z_tj_bwr33t5dw0000gn/T

[Mon Jul 18 12:52:20 2022]
Finished job 1.
1 of 3 steps (33%) done
Select jobs to execute...

[Mon Jul 18 12:52:20 2022]
rule scrape_2005_2013:
    output: ../data/interim/paper_df_2005_2013.csv, ../data/interim/author_df_2005_2013.csv
    jobid: 2
    resources: tmpdir=/var/folders/z2/5kr96fyn63z_tj_bwr33t5dw0000gn/T

[Mon Jul 18 13:18:11 2022]
Finished job 2.
2 of 3 steps (67%) done
Select jobs to execute...

[Mon Jul 18 13:18:11 2022]
localrule all:
    input: ../data/interim/paper_df_2003_2004.csv, ../data/interim/author_df_2003_2004.csv, ../data/interim/paper_df_2005_2013.csv, ../data/interim/author_df_2005_2013.csv
    jobid: 0
    resources: tmpdir=/var/folders/z2/5kr96fyn63z_tj_bwr33t5dw0000gn/T

[Mon Jul 18 13:18:11 2022]
Finished job 0.
3 of 3 steps (100%) done
Complete log: .snakemake/log/2022-07-18T125005.709797.snakemake.log
