Building DAG of jobs...
Using shell: /bin/bash
Provided cores: 1 (use --cores to define parallelism)
Rules claiming more threads will be scaled down.
Job stats:
job                 count    min threads    max threads
----------------  -------  -------------  -------------
all                     1              1              1
combine_all_data        1              1              1
total                   2              1              1

Select jobs to execute...

[Sat Dec  3 11:41:42 2022]
rule combine_all_data:
    input: ../data/interim/paper_df_2003_2004.csv, ../data/interim/paper_df_2005_2013.csv, ../data/interim/paper_df_2014_2018.csv, ../data/interim/interactive_paper_df_2014_2018.csv, ../data/interim/author_df_2003_2004.csv, ../data/interim/author_df_2005_2013.csv, ../data/interim/author_df_2014_2018.csv, ../data/interim/interactive_author_df_2014_2018.csv, ../data/interim/session_df_2014_2018.csv, ../data/interim/interactive_session_df_2014_2018.csv
    output: ../data/processed/paper_df.csv, ../data/processed/author_df.csv, ../data/processed/session_df.csv
    jobid: 5
    reason: Missing output files: ../data/processed/paper_df.csv, ../data/processed/session_df.csv, ../data/processed/author_df.csv
    resources: tmpdir=/var/folders/jh/8bnrrjds16sbkbtxfzdx393w0000gn/T

[Sat Dec  3 11:41:46 2022]
Finished job 5.
1 of 2 steps (50%) done
Select jobs to execute...

[Sat Dec  3 11:41:46 2022]
localrule all:
    input: ../data/interim/paper_df_2003_2004.csv, ../data/interim/author_df_2003_2004.csv, ../data/interim/paper_df_2005_2013.csv, ../data/interim/author_df_2005_2013.csv, ../data/interim/session_df_2014_2018.csv, ../data/interim/author_df_2014_2018.csv, ../data/interim/paper_df_2014_2018.csv, ../data/interim/interactive_session_df_2014_2018.csv, ../data/interim/interactive_author_df_2014_2018.csv, ../data/interim/interactive_paper_df_2014_2018.csv, ../data/processed/paper_df.csv, ../data/processed/author_df.csv, ../data/processed/session_df.csv
    jobid: 0
    reason: Input files updated by another job: ../data/processed/author_df.csv, ../data/processed/paper_df.csv, ../data/processed/session_df.csv
    resources: tmpdir=/var/folders/jh/8bnrrjds16sbkbtxfzdx393w0000gn/T

[Sat Dec  3 11:41:46 2022]
Finished job 0.
2 of 2 steps (100%) done
Complete log: .snakemake/log/2022-12-03T114141.979649.snakemake.log
