Building DAG of jobs...
MissingInputException in line 65 of /Users/hongtaoh/Desktop/github/ica_conf/workflow/Snakefile:
Missing input files for rule all:
    affected files:
        ../data/interim/paper_df_2019.csv
        ../data/interim/author_df_2020.csv
        ../data/interim/paper_df_2018.csv
        ../data/interim/author_df_2016.csv
        ../data/interim/author_df_2010.csv
        ../data/interim/author_df_2014.csv
        ../data/interim/paper_df_2012.csv
        ../data/interim/author_df_2012.csv
        ../data/interim/paper_df_2011.csv
        ../data/interim/paper_df_2021.csv
        ../data/interim/author_df_2021.csv
        ../data/interim/author_df_2015.csv
        ../data/interim/paper_df_2013.csv
        ../data/interim/paper_df_2022.csv
        ../data/interim/author_df_2017.csv
        ../data/interim/paper_df_2015.csv
        ../data/interim/author_df_2013.csv
        ../data/interim/paper_df_2016.csv
        ../data/interim/author_df_2011.csv
        ../data/interim/paper_df_2010.csv
        ../data/interim/paper_df_2017.csv
        ../data/interim/author_df_2022.csv
        ../data/interim/author_df_2019.csv
        ../data/interim/paper_df_2020.csv
        ../data/interim/author_df_2018.csv
        ../data/interim/paper_df_2014.csv
