Building DAG of jobs...
Using shell: /bin/bash
Provided cores: 4
Rules claiming more threads will be scaled down.
Job stats:
job                 count    min threads    max threads
----------------  -------  -------------  -------------
all                     1              1              1
scrape_2005_2013        1              1              1
total                   2              1              1

Select jobs to execute...

[Tue Jul 19 04:58:39 2022]
rule scrape_2005_2013:
    output: ../data/interim/paper_df_2005_2013.csv, ../data/interim/author_df_2005_2013.csv
    jobid: 2
    resources: tmpdir=/var/folders/z2/5kr96fyn63z_tj_bwr33t5dw0000gn/T

Terminating processes on user request, this might take some time.
[Tue Jul 19 04:58:54 2022]
Error in rule scrape_2005_2013:
    jobid: 2
    output: ../data/interim/paper_df_2005_2013.csv, ../data/interim/author_df_2005_2013.csv
    shell:
        python scripts/scrape_2005_2013.py ../data/interim/paper_df_2005_2013.csv ../data/interim/author_df_2005_2013.csv
        (one of the commands exited with non-zero exit code; note that snakemake uses bash strict mode!)

Complete log: .snakemake/log/2022-07-19T045838.582439.snakemake.log
