Building DAG of jobs...
Using shell: /bin/bash
Provided cores: 1 (use --cores to define parallelism)
Rules claiming more threads will be scaled down.
Job stats:
job                                 count    min threads    max threads
--------------------------------  -------  -------------  -------------
all                                     1              1              1
scrape_2014_onward_paper_session        1              1              1
total                                   2              1              1

Select jobs to execute...

[Sun Nov 13 11:13:00 2022]
rule scrape_2014_onward_paper_session:
    output: ../data/interim/session_df_2014.csv, ../data/interim/author_df_2014.csv, ../data/interim/paper_df_2014.csv
    jobid: 1
    resources: tmpdir=/var/folders/z2/5kr96fyn63z_tj_bwr33t5dw0000gn/T

[Sun Nov 13 11:16:58 2022]
Finished job 1.
1 of 2 steps (50%) done
Select jobs to execute...

[Sun Nov 13 11:16:58 2022]
localrule all:
    input: ../data/interim/session_df_2014.csv, ../data/interim/author_df_2014.csv, ../data/interim/paper_df_2014.csv
    jobid: 0
    resources: tmpdir=/var/folders/z2/5kr96fyn63z_tj_bwr33t5dw0000gn/T

[Sun Nov 13 11:16:58 2022]
Finished job 0.
2 of 2 steps (100%) done
Complete log: .snakemake/log/2022-11-13T111259.729972.snakemake.log
