Building DAG of jobs...
Using shell: /bin/bash
Provided cores: 1 (use --cores to define parallelism)
Rules claiming more threads will be scaled down.
Job stats:
job                                     count    min threads    max threads
------------------------------------  -------  -------------  -------------
all                                         1              1              1
scrape_2014_onward_interactive_paper        1              1              1
total                                       2              1              1

Select jobs to execute...

[Thu Nov 17 21:14:43 2022]
rule scrape_2014_onward_interactive_paper:
    output: ../data/interim/random_result_2014_2018_interactive.txt
    jobid: 2
    resources: tmpdir=/var/folders/z2/5kr96fyn63z_tj_bwr33t5dw0000gn/T

[Thu Nov 17 21:31:30 2022]
Error in rule scrape_2014_onward_interactive_paper:
    jobid: 2
    output: ../data/interim/random_result_2014_2018_interactive.txt
    shell:
        python scripts/scrape_2014_onward_interactive_paper.py ../data/interim/random_result_2014_2018_interactive.txt
        (one of the commands exited with non-zero exit code; note that snakemake uses bash strict mode!)

Shutting down, this might take some time.
Exiting because a job execution failed. Look above for error message
Complete log: .snakemake/log/2022-11-17T211442.416573.snakemake.log
