Building DAG of jobs...
Using shell: /bin/bash
Provided cores: 1 (use --cores to define parallelism)
Rules claiming more threads will be scaled down.
Job stats:
job                 count    min threads    max threads
----------------  -------  -------------  -------------
all                     1              1              1
scrape_03_04            1              1              1
scrape_2009_2013        1              1              1
total                   3              1              1

Select jobs to execute...

[Mon Jul 18 12:14:42 2022]
rule scrape_03_04:
    output: ../data/interim/paper_df_03_04.csv, ../data/interim/author_df_03_04.csv
    jobid: 1
    resources: tmpdir=/var/folders/z2/5kr96fyn63z_tj_bwr33t5dw0000gn/T

Terminating processes on user request, this might take some time.
[Mon Jul 18 12:14:44 2022]
Error in rule scrape_03_04:
    jobid: 1
    output: ../data/interim/paper_df_03_04.csv, ../data/interim/author_df_03_04.csv
    shell:
        python scripts/scrape_03_04.py ../data/interim/paper_df_03_04.csv ../data/interim/author_df_03_04.csv
        (one of the commands exited with non-zero exit code; note that snakemake uses bash strict mode!)

Complete log: .snakemake/log/2022-07-18T121441.492677.snakemake.log
