Building DAG of jobs...
Using shell: /usr/bin/bash
Provided cores: 1 (use --cores to define parallelism)
Rules claiming more threads will be scaled down.
Job stats:
job                                 count    min threads    max threads
--------------------------------  -------  -------------  -------------
all                                     1              1              1
scrape_2014_onward_paper_session        1              1              1
total                                   2              1              1

Select jobs to execute...

[Thu Nov 17 15:38:55 2022]
rule scrape_2014_onward_paper_session:
    output: ../data/interim/random_result_2014_2018.txt
    jobid: 1
    reason: Missing output files: ../data/interim/random_result_2014_2018.txt
    resources: tmpdir=/tmp

[Thu Nov 17 18:18:29 2022]
Finished job 1.
1 of 2 steps (50%) done
Select jobs to execute...

[Thu Nov 17 18:18:29 2022]
localrule all:
    input: ../data/interim/random_result_2014_2018.txt
    jobid: 0
    reason: Input files updated by another job: ../data/interim/random_result_2014_2018.txt
    resources: tmpdir=/tmp

[Thu Nov 17 18:18:29 2022]
Finished job 0.
2 of 2 steps (100%) done
Complete log: .snakemake/log/2022-11-17T153854.497500.snakemake.log
