Building DAG of jobs...
Using shell: /bin/bash
Provided cores: 1 (use --cores to define parallelism)
Rules claiming more threads will be scaled down.
Job stats:
job                 count    min threads    max threads
----------------  -------  -------------  -------------
all                     1              1              1
combine_all_data        1              1              1
total                   2              1              1

Select jobs to execute...

[Sat Dec  3 11:39:11 2022]
rule combine_all_data:
    input: ../data/interim/paper_df_2003_2004.csv, ../data/interim/paper_df_2005_2013.csv, ../data/interim/paper_df_2014_2018.csv, ../data/interim/interactive_paper_df_2014_2018.csv, ../data/interim/author_df_2003_2004.csv, ../data/interim/author_df_2005_2013.csv, ../data/interim/author_df_2014_2018.csv, ../data/interim/interactive_author_df_2014_2018.csv, ../data/interim/session_df_2014_2018.csv, ../data/interim/interactive_session_df_2014_2018.csv
    output: ../data/processed/paper_df.csv, ../data/processed/author_df.csv, ../data/processed/session_df.csv
    jobid: 5
    reason: Missing output files: ../data/processed/session_df.csv, ../data/processed/paper_df.csv, ../data/processed/author_df.csv
    resources: tmpdir=/var/folders/jh/8bnrrjds16sbkbtxfzdx393w0000gn/T

[Sat Dec  3 11:39:11 2022]
Error in rule combine_all_data:
    jobid: 5
    input: ../data/interim/paper_df_2003_2004.csv, ../data/interim/paper_df_2005_2013.csv, ../data/interim/paper_df_2014_2018.csv, ../data/interim/interactive_paper_df_2014_2018.csv, ../data/interim/author_df_2003_2004.csv, ../data/interim/author_df_2005_2013.csv, ../data/interim/author_df_2014_2018.csv, ../data/interim/interactive_author_df_2014_2018.csv, ../data/interim/session_df_2014_2018.csv, ../data/interim/interactive_session_df_2014_2018.csv
    output: ../data/processed/paper_df.csv, ../data/processed/author_df.csv, ../data/processed/session_df.csv
    shell:
        python scripts/combine_all_data.py ../data/processed/paper_df.csv ../data/processed/author_df.csv ../data/processed/session_df.csv
        (one of the commands exited with non-zero exit code; note that snakemake uses bash strict mode!)

Shutting down, this might take some time.
Exiting because a job execution failed. Look above for error message
Complete log: .snakemake/log/2022-12-03T113910.754023.snakemake.log
