Building DAG of jobs...
Using shell: /bin/bash
Provided cores: 1 (use --cores to define parallelism)
Rules claiming more threads will be scaled down.
Job stats:
job                                     count
------------------------------------  -------
all                                         1
combine_all_data                            1
scrape_03_04                                1
scrape_2005_2013                            1
scrape_2014_onward_interactive_paper        1
scrape_2014_onward_paper                    1
total                                       6

Select jobs to execute...
Failed to solve scheduling problem with ILP solver. Falling back to greedy solver. Run Snakemake with --verbose to see the full solver output for debugging the problem.

[Wed Oct 30 06:49:12 2024]
rule scrape_2014_onward_paper:
    output: ../data/interim/session_df_2014_2018.csv, ../data/interim/author_df_2014_2018.csv, ../data/interim/paper_df_2014_2018.csv
    jobid: 4
    reason: Code has changed since last execution
    resources: tmpdir=/var/folders/wx/xz5y_06d15q5pgl_mhv76c8r0000gn/T

Terminating processes on user request, this might take some time.
[Wed Oct 30 06:49:20 2024]
Error in rule scrape_2014_onward_paper:
    jobid: 4
    output: ../data/interim/session_df_2014_2018.csv, ../data/interim/author_df_2014_2018.csv, ../data/interim/paper_df_2014_2018.csv
    shell:
        python scripts/scrape_2014_onward_paper.py ../data/interim/session_df_2014_2018.csv ../data/interim/author_df_2014_2018.csv ../data/interim/paper_df_2014_2018.csv
        (one of the commands exited with non-zero exit code; note that snakemake uses bash strict mode!)

Complete log: .snakemake/log/2024-10-30T064904.962837.snakemake.log
