Building DAG of jobs...
Using shell: /bin/bash
Provided cores: 1 (use --cores to define parallelism)
Rules claiming more threads will be scaled down.
Job stats:
job                                 count
--------------------------------  -------
all                                     1
generate_json_and_aggreated_data        1
total                                   2

Select jobs to execute...

[Fri Nov  1 04:24:48 2024]
rule generate_json_and_aggreated_data:
    input: ../data/processed/papers.csv, ../data/processed/authors.csv, ../data/processed/sessions.csv
    output: ../data/api/papers.json, ../data/api/authors.json, ../data/api/sessions.json
    jobid: 1
    reason: Missing output files: ../data/api/authors.json, ../data/api/papers.json, ../data/api/sessions.json
    resources: tmpdir=/var/folders/wx/xz5y_06d15q5pgl_mhv76c8r0000gn/T

Terminating processes on user request, this might take some time.
[Fri Nov  1 04:24:53 2024]
Error in rule generate_json_and_aggreated_data:
    jobid: 1
    input: ../data/processed/papers.csv, ../data/processed/authors.csv, ../data/processed/sessions.csv
    output: ../data/api/papers.json, ../data/api/authors.json, ../data/api/sessions.json
    shell:
        python scripts/generate_json_and_aggreated_data.py ../data/processed/papers.csv ../data/processed/authors.csv ../data/processed/sessions.csv ../data/api/papers.json ../data/api/authors.json ../data/api/sessions.json
        (one of the commands exited with non-zero exit code; note that snakemake uses bash strict mode!)

Complete log: .snakemake/log/2024-11-01T042447.872587.snakemake.log
